
**** Build of configuration Debug for project ese101-blinky ****

"C:\\ti\\ccs1010\\ccs\\utils\\bin\\gmake" -k -j 4 all -O 
 
Building file: "../blink.c"
Invoking: MSP430 Compiler
"C:/ti/ccs1010/ccs/tools/compiler/ti-cgt-msp430_20.2.1.LTS/bin/cl430" -vmspx --data_model=restricted --use_hw_mpy=F5 --include_path="C:/ti/ccs1010/ccs/ccs_base/msp430/include" --include_path="C:/Users/GLEN/Documents/MSP430_workspace/ese101-blinky" --include_path="C:/ti/ccs1010/ccs/tools/compiler/ti-cgt-msp430_20.2.1.LTS/include" --advice:power=all --define=__MSP430F5529__ -g --printf_support=minimal --diag_warning=225 --diag_wrap=off --display_error_number --silicon_errata=CPU21 --silicon_errata=CPU22 --silicon_errata=CPU23 --silicon_errata=CPU40 --preproc_with_compile --preproc_dependency="blink.d_raw"  "../blink.c"
"../blink.c", line 17: remark #1527-D: (ULP 2.1) Detected SW delay loop using empty loop. Recommend using a timer module instead
Finished building: "../blink.c"
 
Building target: "ese101-blinky.out"
Invoking: MSP430 Linker
"C:/ti/ccs1010/ccs/tools/compiler/ti-cgt-msp430_20.2.1.LTS/bin/cl430" -vmspx --data_model=restricted --use_hw_mpy=F5 --advice:power=all --define=__MSP430F5529__ -g --printf_support=minimal --diag_warning=225 --diag_wrap=off --display_error_number --silicon_errata=CPU21 --silicon_errata=CPU22 --silicon_errata=CPU23 --silicon_errata=CPU40 -z -m"ese101-blinky.map" --heap_size=160 --stack_size=160 --cinit_hold_wdt=on -i"C:/ti/ccs1010/ccs/ccs_base/msp430/include" -i"C:/ti/ccs1010/ccs/ccs_base/msp430/lib/5xx_6xx_FRxx" -i"C:/ti/ccs1010/ccs/tools/compiler/ti-cgt-msp430_20.2.1.LTS/lib" -i"C:/ti/ccs1010/ccs/tools/compiler/ti-cgt-msp430_20.2.1.LTS/include" --reread_libs --diag_wrap=off --display_error_number --warn_sections --xml_link_info="ese101-blinky_linkInfo.xml" --use_hw_mpy=F5 --rom_model -o "ese101-blinky.out" "./blink.obj" "../lnk_msp430f5529.cmd"  -llibmath.a -llibc.a 
<Linking>
remark #10371-D: (ULP 1.1) Detected no uses of low power mode state changing instructions
remark #10372-D: (ULP 4.1) Detected uninitialized Port A in this project. Recommend initializing all unused ports to eliminate wasted current consumption on unused pins.
remark #10372-D: (ULP 4.1) Detected uninitialized Port B in this project. Recommend initializing all unused ports to eliminate wasted current consumption on unused pins.
remark #10372-D: (ULP 4.1) Detected uninitialized Port C in this project. Recommend initializing all unused ports to eliminate wasted current consumption on unused pins.
remark #10372-D: (ULP 4.1) Detected uninitialized Port D in this project. Recommend initializing all unused ports to eliminate wasted current consumption on unused pins.
Finished building target: "ese101-blinky.out"
 

**** Build Finished ****

**** Build of configuration Debug for project ese101-blinky ****

"C:\\ti\\ccs1010\\ccs\\utils\\bin\\gmake" -k -j 4 all -O 
 
gmake[1]: 'ese101-blinky.out' is up to date.

**** Build Finished ****

**** Build of configuration Debug for project ese101-blinky ****

"C:\\ti\\ccs1010\\ccs\\utils\\bin\\gmake" -k -j 4 all -O 
 
gmake[1]: 'ese101-blinky.out' is up to date.

**** Build Finished ****

**** Build of configuration Debug for project ese101-blinky ****

"C:\\ti\\ccs1010\\ccs\\utils\\bin\\gmake" -k -j 4 all -O 
 
gmake[1]: 'ese101-blinky.out' is up to date.

**** Build Finished ****

**** Build of configuration Debug for project ese101-blinky ****

"C:\\ti\\ccs1010\\ccs\\utils\\bin\\gmake" -k -j 4 all -O 
 
Building file: "../blink.c"
Invoking: MSP430 Compiler
"C:/ti/ccs1010/ccs/tools/compiler/ti-cgt-msp430_20.2.1.LTS/bin/cl430" -vmspx --data_model=restricted --use_hw_mpy=F5 --include_path="C:/ti/ccs1010/ccs/ccs_base/msp430/include" --include_path="C:/Users/GLEN/Documents/MSP430_workspace/ese101-blinky" --include_path="C:/ti/ccs1010/ccs/tools/compiler/ti-cgt-msp430_20.2.1.LTS/include" --advice:power=all --define=__MSP430F5529__ -g --printf_support=minimal --diag_warning=225 --diag_wrap=off --display_error_number --silicon_errata=CPU21 --silicon_errata=CPU22 --silicon_errata=CPU23 --silicon_errata=CPU40 --preproc_with_compile --preproc_dependency="blink.d_raw"  "../blink.c"
"../blink.c", line 17: remark #1527-D: (ULP 2.1) Detected SW delay loop using empty loop. Recommend using a timer module instead
Finished building: "../blink.c"
 
Building target: "ese101-blinky.out"
Invoking: MSP430 Linker
"C:/ti/ccs1010/ccs/tools/compiler/ti-cgt-msp430_20.2.1.LTS/bin/cl430" -vmspx --data_model=restricted --use_hw_mpy=F5 --advice:power=all --define=__MSP430F5529__ -g --printf_support=minimal --diag_warning=225 --diag_wrap=off --display_error_number --silicon_errata=CPU21 --silicon_errata=CPU22 --silicon_errata=CPU23 --silicon_errata=CPU40 -z -m"ese101-blinky.map" --heap_size=160 --stack_size=160 --cinit_hold_wdt=on -i"C:/ti/ccs1010/ccs/ccs_base/msp430/include" -i"C:/ti/ccs1010/ccs/ccs_base/msp430/lib/5xx_6xx_FRxx" -i"C:/ti/ccs1010/ccs/tools/compiler/ti-cgt-msp430_20.2.1.LTS/lib" -i"C:/ti/ccs1010/ccs/tools/compiler/ti-cgt-msp430_20.2.1.LTS/include" --reread_libs --diag_wrap=off --display_error_number --warn_sections --xml_link_info="ese101-blinky_linkInfo.xml" --use_hw_mpy=F5 --rom_model -o "ese101-blinky.out" "./blink.obj" "../lnk_msp430f5529.cmd"  -llibmath.a -llibc.a 
<Linking>
remark #10371-D: (ULP 1.1) Detected no uses of low power mode state changing instructions
remark #10372-D: (ULP 4.1) Detected uninitialized Port A in this project. Recommend initializing all unused ports to eliminate wasted current consumption on unused pins.
remark #10372-D: (ULP 4.1) Detected uninitialized Port B in this project. Recommend initializing all unused ports to eliminate wasted current consumption on unused pins.
remark #10372-D: (ULP 4.1) Detected uninitialized Port C in this project. Recommend initializing all unused ports to eliminate wasted current consumption on unused pins.
remark #10372-D: (ULP 4.1) Detected uninitialized Port D in this project. Recommend initializing all unused ports to eliminate wasted current consumption on unused pins.
Finished building target: "ese101-blinky.out"
 

**** Build Finished ****

**** Build of configuration Debug for project ese101-blinky ****

"C:\\ti\\ccs1010\\ccs\\utils\\bin\\gmake" -k -j 4 all -O 
 
gmake[1]: 'ese101-blinky.out' is up to date.

**** Build Finished ****

**** Build of configuration Debug for project ese101-blinky ****

"C:\\ti\\ccs1010\\ccs\\utils\\bin\\gmake" -k -j 4 all -O 
 
Building file: "../blink.c"
Invoking: MSP430 Compiler
"C:/ti/ccs1010/ccs/tools/compiler/ti-cgt-msp430_20.2.1.LTS/bin/cl430" -vmspx --data_model=restricted --use_hw_mpy=F5 --include_path="C:/ti/ccs1010/ccs/ccs_base/msp430/include" --include_path="C:/Users/GLEN/Documents/MSP430_workspace/ese101-blinky" --include_path="C:/ti/ccs1010/ccs/tools/compiler/ti-cgt-msp430_20.2.1.LTS/include" --advice:power=all --define=__MSP430F5529__ -g --printf_support=minimal --diag_warning=225 --diag_wrap=off --display_error_number --silicon_errata=CPU21 --silicon_errata=CPU22 --silicon_errata=CPU23 --silicon_errata=CPU40 --preproc_with_compile --preproc_dependency="blink.d_raw"  "../blink.c"
"../blink.c", line 17: warning #70-D: integer conversion resulted in truncation
"../blink.c", line 17: remark #1527-D: (ULP 2.1) Detected SW delay loop using empty loop. Recommend using a timer module instead
Finished building: "../blink.c"
 
Building target: "ese101-blinky.out"
Invoking: MSP430 Linker
"C:/ti/ccs1010/ccs/tools/compiler/ti-cgt-msp430_20.2.1.LTS/bin/cl430" -vmspx --data_model=restricted --use_hw_mpy=F5 --advice:power=all --define=__MSP430F5529__ -g --printf_support=minimal --diag_warning=225 --diag_wrap=off --display_error_number --silicon_errata=CPU21 --silicon_errata=CPU22 --silicon_errata=CPU23 --silicon_errata=CPU40 -z -m"ese101-blinky.map" --heap_size=160 --stack_size=160 --cinit_hold_wdt=on -i"C:/ti/ccs1010/ccs/ccs_base/msp430/include" -i"C:/ti/ccs1010/ccs/ccs_base/msp430/lib/5xx_6xx_FRxx" -i"C:/ti/ccs1010/ccs/tools/compiler/ti-cgt-msp430_20.2.1.LTS/lib" -i"C:/ti/ccs1010/ccs/tools/compiler/ti-cgt-msp430_20.2.1.LTS/include" --reread_libs --diag_wrap=off --display_error_number --warn_sections --xml_link_info="ese101-blinky_linkInfo.xml" --use_hw_mpy=F5 --rom_model -o "ese101-blinky.out" "./blink.obj" "../lnk_msp430f5529.cmd"  -llibmath.a -llibc.a 
<Linking>
remark #10371-D: (ULP 1.1) Detected no uses of low power mode state changing instructions
remark #10372-D: (ULP 4.1) Detected uninitialized Port A in this project. Recommend initializing all unused ports to eliminate wasted current consumption on unused pins.
remark #10372-D: (ULP 4.1) Detected uninitialized Port B in this project. Recommend initializing all unused ports to eliminate wasted current consumption on unused pins.
remark #10372-D: (ULP 4.1) Detected uninitialized Port C in this project. Recommend initializing all unused ports to eliminate wasted current consumption on unused pins.
remark #10372-D: (ULP 4.1) Detected uninitialized Port D in this project. Recommend initializing all unused ports to eliminate wasted current consumption on unused pins.
Finished building target: "ese101-blinky.out"
 

**** Build Finished ****

**** Build of configuration Debug for project ese101-blinky ****

"C:\\ti\\ccs1010\\ccs\\utils\\bin\\gmake" -k -j 4 all -O 
 
Building file: "../blink.c"
Invoking: MSP430 Compiler
"C:/ti/ccs1010/ccs/tools/compiler/ti-cgt-msp430_20.2.1.LTS/bin/cl430" -vmspx --data_model=restricted --use_hw_mpy=F5 --include_path="C:/ti/ccs1010/ccs/ccs_base/msp430/include" --include_path="C:/Users/GLEN/Documents/MSP430_workspace/ese101-blinky" --include_path="C:/ti/ccs1010/ccs/tools/compiler/ti-cgt-msp430_20.2.1.LTS/include" --advice:power=all --define=__MSP430F5529__ -g --printf_support=minimal --diag_warning=225 --diag_wrap=off --display_error_number --silicon_errata=CPU21 --silicon_errata=CPU22 --silicon_errata=CPU23 --silicon_errata=CPU40 --preproc_with_compile --preproc_dependency="blink.d_raw"  "../blink.c"
"../blink.c", line 17: remark #1527-D: (ULP 2.1) Detected SW delay loop using empty loop. Recommend using a timer module instead
Finished building: "../blink.c"
 
Building target: "ese101-blinky.out"
Invoking: MSP430 Linker
"C:/ti/ccs1010/ccs/tools/compiler/ti-cgt-msp430_20.2.1.LTS/bin/cl430" -vmspx --data_model=restricted --use_hw_mpy=F5 --advice:power=all --define=__MSP430F5529__ -g --printf_support=minimal --diag_warning=225 --diag_wrap=off --display_error_number --silicon_errata=CPU21 --silicon_errata=CPU22 --silicon_errata=CPU23 --silicon_errata=CPU40 -z -m"ese101-blinky.map" --heap_size=160 --stack_size=160 --cinit_hold_wdt=on -i"C:/ti/ccs1010/ccs/ccs_base/msp430/include" -i"C:/ti/ccs1010/ccs/ccs_base/msp430/lib/5xx_6xx_FRxx" -i"C:/ti/ccs1010/ccs/tools/compiler/ti-cgt-msp430_20.2.1.LTS/lib" -i"C:/ti/ccs1010/ccs/tools/compiler/ti-cgt-msp430_20.2.1.LTS/include" --reread_libs --diag_wrap=off --display_error_number --warn_sections --xml_link_info="ese101-blinky_linkInfo.xml" --use_hw_mpy=F5 --rom_model -o "ese101-blinky.out" "./blink.obj" "../lnk_msp430f5529.cmd"  -llibmath.a -llibc.a 
<Linking>
remark #10371-D: (ULP 1.1) Detected no uses of low power mode state changing instructions
remark #10372-D: (ULP 4.1) Detected uninitialized Port A in this project. Recommend initializing all unused ports to eliminate wasted current consumption on unused pins.
remark #10372-D: (ULP 4.1) Detected uninitialized Port B in this project. Recommend initializing all unused ports to eliminate wasted current consumption on unused pins.
remark #10372-D: (ULP 4.1) Detected uninitialized Port C in this project. Recommend initializing all unused ports to eliminate wasted current consumption on unused pins.
remark #10372-D: (ULP 4.1) Detected uninitialized Port D in this project. Recommend initializing all unused ports to eliminate wasted current consumption on unused pins.
Finished building target: "ese101-blinky.out"
 

**** Build Finished ****

**** Build of configuration Debug for project Dual_LED_blink ****

"C:\\ti\\ccs1010\\ccs\\utils\\bin\\gmake" -k -j 4 all -O 
 
Building file: "../main.c"
Invoking: MSP430 Compiler
"C:/ti/ccs1010/ccs/tools/compiler/ti-cgt-msp430_20.2.1.LTS/bin/cl430" -vmspx --data_model=restricted --use_hw_mpy=F5 --include_path="C:/ti/ccs1010/ccs/ccs_base/msp430/include" --include_path="C:/Users/GLEN/Documents/MSP430_workspace/Dual_LED_blink" --include_path="C:/ti/ccs1010/ccs/tools/compiler/ti-cgt-msp430_20.2.1.LTS/include" --advice:power=all --define=__MSP430F5529__ -g --printf_support=minimal --diag_warning=225 --diag_wrap=off --display_error_number --silicon_errata=CPU21 --silicon_errata=CPU22 --silicon_errata=CPU23 --silicon_errata=CPU40 --preproc_with_compile --preproc_dependency="main.d_raw"  "../main.c"
"../main.c", line 22: warning #112-D: statement is unreachable
"../main.c", line 19: remark #1527-D: (ULP 2.1) Detected SW delay loop using empty loop. Recommend using a timer module instead
Finished building: "../main.c"
 
Building target: "Dual_LED_blink.out"
Invoking: MSP430 Linker
"C:/ti/ccs1010/ccs/tools/compiler/ti-cgt-msp430_20.2.1.LTS/bin/cl430" -vmspx --data_model=restricted --use_hw_mpy=F5 --advice:power=all --define=__MSP430F5529__ -g --printf_support=minimal --diag_warning=225 --diag_wrap=off --display_error_number --silicon_errata=CPU21 --silicon_errata=CPU22 --silicon_errata=CPU23 --silicon_errata=CPU40 -z -m"Dual_LED_blink.map" --heap_size=160 --stack_size=160 --cinit_hold_wdt=on -i"C:/ti/ccs1010/ccs/ccs_base/msp430/include" -i"C:/ti/ccs1010/ccs/ccs_base/msp430/lib/5xx_6xx_FRxx" -i"C:/ti/ccs1010/ccs/tools/compiler/ti-cgt-msp430_20.2.1.LTS/lib" -i"C:/ti/ccs1010/ccs/tools/compiler/ti-cgt-msp430_20.2.1.LTS/include" --reread_libs --diag_wrap=off --display_error_number --warn_sections --xml_link_info="Dual_LED_blink_linkInfo.xml" --use_hw_mpy=F5 --rom_model -o "Dual_LED_blink.out" "./main.obj" "../lnk_msp430f5529.cmd"  -llibmath.a -llibc.a 
<Linking>
remark #10371-D: (ULP 1.1) Detected no uses of low power mode state changing instructions
remark #10372-D: (ULP 4.1) Detected uninitialized Port A in this project. Recommend initializing all unused ports to eliminate wasted current consumption on unused pins.
remark #10372-D: (ULP 4.1) Detected uninitialized Port B in this project. Recommend initializing all unused ports to eliminate wasted current consumption on unused pins.
remark #10372-D: (ULP 4.1) Detected uninitialized Port C in this project. Recommend initializing all unused ports to eliminate wasted current consumption on unused pins.
remark #10372-D: (ULP 4.1) Detected uninitialized Port D in this project. Recommend initializing all unused ports to eliminate wasted current consumption on unused pins.
Finished building target: "Dual_LED_blink.out"
 

**** Build Finished ****

**** Build of configuration Debug for project Dual_LED_blink ****

"C:\\ti\\ccs1010\\ccs\\utils\\bin\\gmake" -k -j 4 all -O 
 
gmake[1]: 'Dual_LED_blink.out' is up to date.

**** Build Finished ****

**** Build of configuration Debug for project Dual_LED_blink ****

"C:\\ti\\ccs1010\\ccs\\utils\\bin\\gmake" -k -j 4 all -O 
 
gmake[1]: 'Dual_LED_blink.out' is up to date.

**** Build Finished ****

**** Build of configuration Debug for project Dual_LED_blink ****

"C:\\ti\\ccs1010\\ccs\\utils\\bin\\gmake" -k -j 4 all -O 
 
Building file: "../main.c"
Invoking: MSP430 Compiler
"C:/ti/ccs1010/ccs/tools/compiler/ti-cgt-msp430_20.2.1.LTS/bin/cl430" -vmspx --data_model=restricted --use_hw_mpy=F5 --include_path="C:/ti/ccs1010/ccs/ccs_base/msp430/include" --include_path="C:/Users/GLEN/Documents/MSP430_workspace/Dual_LED_blink" --include_path="C:/ti/ccs1010/ccs/tools/compiler/ti-cgt-msp430_20.2.1.LTS/include" --advice:power=all --define=__MSP430F5529__ -g --printf_support=minimal --diag_warning=225 --diag_wrap=off --display_error_number --silicon_errata=CPU21 --silicon_errata=CPU22 --silicon_errata=CPU23 --silicon_errata=CPU40 --preproc_with_compile --preproc_dependency="main.d_raw"  "../main.c"
"../main.c", line 22: warning #112-D: statement is unreachable
"../main.c", line 19: remark #1527-D: (ULP 2.1) Detected SW delay loop using empty loop. Recommend using a timer module instead
Finished building: "../main.c"
 
Building target: "Dual_LED_blink.out"
Invoking: MSP430 Linker
"C:/ti/ccs1010/ccs/tools/compiler/ti-cgt-msp430_20.2.1.LTS/bin/cl430" -vmspx --data_model=restricted --use_hw_mpy=F5 --advice:power=all --define=__MSP430F5529__ -g --printf_support=minimal --diag_warning=225 --diag_wrap=off --display_error_number --silicon_errata=CPU21 --silicon_errata=CPU22 --silicon_errata=CPU23 --silicon_errata=CPU40 -z -m"Dual_LED_blink.map" --heap_size=160 --stack_size=160 --cinit_hold_wdt=on -i"C:/ti/ccs1010/ccs/ccs_base/msp430/include" -i"C:/ti/ccs1010/ccs/ccs_base/msp430/lib/5xx_6xx_FRxx" -i"C:/ti/ccs1010/ccs/tools/compiler/ti-cgt-msp430_20.2.1.LTS/lib" -i"C:/ti/ccs1010/ccs/tools/compiler/ti-cgt-msp430_20.2.1.LTS/include" --reread_libs --diag_wrap=off --display_error_number --warn_sections --xml_link_info="Dual_LED_blink_linkInfo.xml" --use_hw_mpy=F5 --rom_model -o "Dual_LED_blink.out" "./main.obj" "../lnk_msp430f5529.cmd"  -llibmath.a -llibc.a 
<Linking>
remark #10371-D: (ULP 1.1) Detected no uses of low power mode state changing instructions
remark #10372-D: (ULP 4.1) Detected uninitialized Port A in this project. Recommend initializing all unused ports to eliminate wasted current consumption on unused pins.
remark #10372-D: (ULP 4.1) Detected uninitialized Port B in this project. Recommend initializing all unused ports to eliminate wasted current consumption on unused pins.
remark #10372-D: (ULP 4.1) Detected uninitialized Port C in this project. Recommend initializing all unused ports to eliminate wasted current consumption on unused pins.
remark #10372-D: (ULP 4.1) Detected uninitialized Port D in this project. Recommend initializing all unused ports to eliminate wasted current consumption on unused pins.
Finished building target: "Dual_LED_blink.out"
 

**** Build Finished ****

**** Build of configuration Debug for project Dual_LED_blink ****

"C:\\ti\\ccs1010\\ccs\\utils\\bin\\gmake" -k -j 4 all -O 
 
gmake[1]: 'Dual_LED_blink.out' is up to date.

**** Build Finished ****

**** Build of configuration Debug for project Dual_LED_blink ****

"C:\\ti\\ccs1010\\ccs\\utils\\bin\\gmake" -k -j 4 all -O 
 
Building file: "../main.c"
Invoking: MSP430 Compiler
"C:/ti/ccs1010/ccs/tools/compiler/ti-cgt-msp430_20.2.1.LTS/bin/cl430" -vmspx --data_model=restricted --use_hw_mpy=F5 --include_path="C:/ti/ccs1010/ccs/ccs_base/msp430/include" --include_path="C:/Users/GLEN/Documents/MSP430_workspace/Dual_LED_blink" --include_path="C:/ti/ccs1010/ccs/tools/compiler/ti-cgt-msp430_20.2.1.LTS/include" --advice:power=all --define=__MSP430F5529__ -g --printf_support=minimal --diag_warning=225 --diag_wrap=off --display_error_number --silicon_errata=CPU21 --silicon_errata=CPU22 --silicon_errata=CPU23 --silicon_errata=CPU40 --preproc_with_compile --preproc_dependency="main.d_raw"  "../main.c"
"../main.c", line 22: warning #112-D: statement is unreachable
"../main.c", line 19: remark #1527-D: (ULP 2.1) Detected SW delay loop using empty loop. Recommend using a timer module instead
Finished building: "../main.c"
 
Building target: "Dual_LED_blink.out"
Invoking: MSP430 Linker
"C:/ti/ccs1010/ccs/tools/compiler/ti-cgt-msp430_20.2.1.LTS/bin/cl430" -vmspx --data_model=restricted --use_hw_mpy=F5 --advice:power=all --define=__MSP430F5529__ -g --printf_support=minimal --diag_warning=225 --diag_wrap=off --display_error_number --silicon_errata=CPU21 --silicon_errata=CPU22 --silicon_errata=CPU23 --silicon_errata=CPU40 -z -m"Dual_LED_blink.map" --heap_size=160 --stack_size=160 --cinit_hold_wdt=on -i"C:/ti/ccs1010/ccs/ccs_base/msp430/include" -i"C:/ti/ccs1010/ccs/ccs_base/msp430/lib/5xx_6xx_FRxx" -i"C:/ti/ccs1010/ccs/tools/compiler/ti-cgt-msp430_20.2.1.LTS/lib" -i"C:/ti/ccs1010/ccs/tools/compiler/ti-cgt-msp430_20.2.1.LTS/include" --reread_libs --diag_wrap=off --display_error_number --warn_sections --xml_link_info="Dual_LED_blink_linkInfo.xml" --use_hw_mpy=F5 --rom_model -o "Dual_LED_blink.out" "./main.obj" "../lnk_msp430f5529.cmd"  -llibmath.a -llibc.a 
<Linking>
remark #10371-D: (ULP 1.1) Detected no uses of low power mode state changing instructions
remark #10372-D: (ULP 4.1) Detected uninitialized Port A in this project. Recommend initializing all unused ports to eliminate wasted current consumption on unused pins.
remark #10372-D: (ULP 4.1) Detected uninitialized Port B in this project. Recommend initializing all unused ports to eliminate wasted current consumption on unused pins.
remark #10372-D: (ULP 4.1) Detected uninitialized Port C in this project. Recommend initializing all unused ports to eliminate wasted current consumption on unused pins.
remark #10372-D: (ULP 4.1) Detected uninitialized Port D in this project. Recommend initializing all unused ports to eliminate wasted current consumption on unused pins.
Finished building target: "Dual_LED_blink.out"
 

**** Build Finished ****

**** Build of configuration Debug for project Blink_alternate_LED ****

"C:\\ti\\ccs1010\\ccs\\utils\\bin\\gmake" -k -j 4 all -O 
 
Building file: "../main.c"
Invoking: MSP430 Compiler
"C:/ti/ccs1010/ccs/tools/compiler/ti-cgt-msp430_20.2.1.LTS/bin/cl430" -vmspx --data_model=restricted --use_hw_mpy=F5 --include_path="C:/ti/ccs1010/ccs/ccs_base/msp430/include" --include_path="C:/Users/GLEN/Documents/MSP430_workspace/Blink_alternate_LED" --include_path="C:/ti/ccs1010/ccs/tools/compiler/ti-cgt-msp430_20.2.1.LTS/include" --advice:power=all --define=__MSP430F5529__ -g --printf_support=minimal --diag_warning=225 --diag_wrap=off --display_error_number --silicon_errata=CPU21 --silicon_errata=CPU22 --silicon_errata=CPU23 --silicon_errata=CPU40 --preproc_with_compile --preproc_dependency="main.d_raw"  "../main.c"
"../main.c", line 24: warning #112-D: statement is unreachable
"../main.c", line 19: remark #1527-D: (ULP 2.1) Detected SW delay loop using empty loop. Recommend using a timer module instead
"../main.c", line 21: remark #1527-D: (ULP 2.1) Detected SW delay loop using empty loop. Recommend using a timer module instead
Finished building: "../main.c"
 
Building target: "Blink_alternate_LED.out"
Invoking: MSP430 Linker
"C:/ti/ccs1010/ccs/tools/compiler/ti-cgt-msp430_20.2.1.LTS/bin/cl430" -vmspx --data_model=restricted --use_hw_mpy=F5 --advice:power=all --define=__MSP430F5529__ -g --printf_support=minimal --diag_warning=225 --diag_wrap=off --display_error_number --silicon_errata=CPU21 --silicon_errata=CPU22 --silicon_errata=CPU23 --silicon_errata=CPU40 -z -m"Blink_alternate_LED.map" --heap_size=160 --stack_size=160 --cinit_hold_wdt=on -i"C:/ti/ccs1010/ccs/ccs_base/msp430/include" -i"C:/ti/ccs1010/ccs/ccs_base/msp430/lib/5xx_6xx_FRxx" -i"C:/ti/ccs1010/ccs/tools/compiler/ti-cgt-msp430_20.2.1.LTS/lib" -i"C:/ti/ccs1010/ccs/tools/compiler/ti-cgt-msp430_20.2.1.LTS/include" --reread_libs --diag_wrap=off --display_error_number --warn_sections --xml_link_info="Blink_alternate_LED_linkInfo.xml" --use_hw_mpy=F5 --rom_model -o "Blink_alternate_LED.out" "./main.obj" "../lnk_msp430f5529.cmd"  -llibmath.a -llibc.a 
<Linking>
remark #10371-D: (ULP 1.1) Detected no uses of low power mode state changing instructions
remark #10372-D: (ULP 4.1) Detected uninitialized Port A in this project. Recommend initializing all unused ports to eliminate wasted current consumption on unused pins.
remark #10372-D: (ULP 4.1) Detected uninitialized Port B in this project. Recommend initializing all unused ports to eliminate wasted current consumption on unused pins.
remark #10372-D: (ULP 4.1) Detected uninitialized Port C in this project. Recommend initializing all unused ports to eliminate wasted current consumption on unused pins.
remark #10372-D: (ULP 4.1) Detected uninitialized Port D in this project. Recommend initializing all unused ports to eliminate wasted current consumption on unused pins.
Finished building target: "Blink_alternate_LED.out"
 

**** Build Finished ****

**** Build of configuration Debug for project Blink_alternate_LED ****

"C:\\ti\\ccs1010\\ccs\\utils\\bin\\gmake" -k -j 4 all -O 
 
gmake[1]: 'Blink_alternate_LED.out' is up to date.

**** Build Finished ****

**** Build of configuration Debug for project Blink_alternate_LED ****

"C:\\ti\\ccs1010\\ccs\\utils\\bin\\gmake" -k -j 4 all -O 
 
Building file: "../main.c"
Invoking: MSP430 Compiler
"C:/ti/ccs1010/ccs/tools/compiler/ti-cgt-msp430_20.2.1.LTS/bin/cl430" -vmspx --data_model=restricted --use_hw_mpy=F5 --include_path="C:/ti/ccs1010/ccs/ccs_base/msp430/include" --include_path="C:/Users/GLEN/Documents/MSP430_workspace/Blink_alternate_LED" --include_path="C:/ti/ccs1010/ccs/tools/compiler/ti-cgt-msp430_20.2.1.LTS/include" --advice:power=all --define=__MSP430F5529__ -g --printf_support=minimal --diag_warning=225 --diag_wrap=off --display_error_number --silicon_errata=CPU21 --silicon_errata=CPU22 --silicon_errata=CPU23 --silicon_errata=CPU40 --preproc_with_compile --preproc_dependency="main.d_raw"  "../main.c"
"../main.c", line 23: warning #112-D: statement is unreachable
"../main.c", line 18: remark #1527-D: (ULP 2.1) Detected SW delay loop using empty loop. Recommend using a timer module instead
"../main.c", line 20: remark #1527-D: (ULP 2.1) Detected SW delay loop using empty loop. Recommend using a timer module instead
Finished building: "../main.c"
 
Building target: "Blink_alternate_LED.out"
Invoking: MSP430 Linker
"C:/ti/ccs1010/ccs/tools/compiler/ti-cgt-msp430_20.2.1.LTS/bin/cl430" -vmspx --data_model=restricted --use_hw_mpy=F5 --advice:power=all --define=__MSP430F5529__ -g --printf_support=minimal --diag_warning=225 --diag_wrap=off --display_error_number --silicon_errata=CPU21 --silicon_errata=CPU22 --silicon_errata=CPU23 --silicon_errata=CPU40 -z -m"Blink_alternate_LED.map" --heap_size=160 --stack_size=160 --cinit_hold_wdt=on -i"C:/ti/ccs1010/ccs/ccs_base/msp430/include" -i"C:/ti/ccs1010/ccs/ccs_base/msp430/lib/5xx_6xx_FRxx" -i"C:/ti/ccs1010/ccs/tools/compiler/ti-cgt-msp430_20.2.1.LTS/lib" -i"C:/ti/ccs1010/ccs/tools/compiler/ti-cgt-msp430_20.2.1.LTS/include" --reread_libs --diag_wrap=off --display_error_number --warn_sections --xml_link_info="Blink_alternate_LED_linkInfo.xml" --use_hw_mpy=F5 --rom_model -o "Blink_alternate_LED.out" "./main.obj" "../lnk_msp430f5529.cmd"  -llibmath.a -llibc.a 
<Linking>
remark #10371-D: (ULP 1.1) Detected no uses of low power mode state changing instructions
remark #10372-D: (ULP 4.1) Detected uninitialized Port A in this project. Recommend initializing all unused ports to eliminate wasted current consumption on unused pins.
remark #10372-D: (ULP 4.1) Detected uninitialized Port B in this project. Recommend initializing all unused ports to eliminate wasted current consumption on unused pins.
remark #10372-D: (ULP 4.1) Detected uninitialized Port C in this project. Recommend initializing all unused ports to eliminate wasted current consumption on unused pins.
remark #10372-D: (ULP 4.1) Detected uninitialized Port D in this project. Recommend initializing all unused ports to eliminate wasted current consumption on unused pins.
Finished building target: "Blink_alternate_LED.out"
 

**** Build Finished ****

**** Build of configuration Debug for project Dual_LED_blink ****

"C:\\ti\\ccs1010\\ccs\\utils\\bin\\gmake" -k -j 4 all -O 
 
Building file: "../main.c"
Invoking: MSP430 Compiler
"C:/ti/ccs1010/ccs/tools/compiler/ti-cgt-msp430_20.2.1.LTS/bin/cl430" -vmspx --data_model=restricted --use_hw_mpy=F5 --include_path="C:/ti/ccs1010/ccs/ccs_base/msp430/include" --include_path="C:/Users/GLEN/Documents/MSP430_workspace/Dual_LED_blink" --include_path="C:/ti/ccs1010/ccs/tools/compiler/ti-cgt-msp430_20.2.1.LTS/include" --advice:power=all --define=__MSP430F5529__ -g --printf_support=minimal --diag_warning=225 --diag_wrap=off --display_error_number --silicon_errata=CPU21 --silicon_errata=CPU22 --silicon_errata=CPU23 --silicon_errata=CPU40 --preproc_with_compile --preproc_dependency="main.d_raw"  "../main.c"
"../main.c", line 22: warning #112-D: statement is unreachable
"../main.c", line 19: remark #1527-D: (ULP 2.1) Detected SW delay loop using empty loop. Recommend using a timer module instead
Finished building: "../main.c"
 
Building target: "Dual_LED_blink.out"
Invoking: MSP430 Linker
"C:/ti/ccs1010/ccs/tools/compiler/ti-cgt-msp430_20.2.1.LTS/bin/cl430" -vmspx --data_model=restricted --use_hw_mpy=F5 --advice:power=all --define=__MSP430F5529__ -g --printf_support=minimal --diag_warning=225 --diag_wrap=off --display_error_number --silicon_errata=CPU21 --silicon_errata=CPU22 --silicon_errata=CPU23 --silicon_errata=CPU40 -z -m"Dual_LED_blink.map" --heap_size=160 --stack_size=160 --cinit_hold_wdt=on -i"C:/ti/ccs1010/ccs/ccs_base/msp430/include" -i"C:/ti/ccs1010/ccs/ccs_base/msp430/lib/5xx_6xx_FRxx" -i"C:/ti/ccs1010/ccs/tools/compiler/ti-cgt-msp430_20.2.1.LTS/lib" -i"C:/ti/ccs1010/ccs/tools/compiler/ti-cgt-msp430_20.2.1.LTS/include" --reread_libs --diag_wrap=off --display_error_number --warn_sections --xml_link_info="Dual_LED_blink_linkInfo.xml" --use_hw_mpy=F5 --rom_model -o "Dual_LED_blink.out" "./main.obj" "../lnk_msp430f5529.cmd"  -llibmath.a -llibc.a 
<Linking>
remark #10371-D: (ULP 1.1) Detected no uses of low power mode state changing instructions
remark #10372-D: (ULP 4.1) Detected uninitialized Port A in this project. Recommend initializing all unused ports to eliminate wasted current consumption on unused pins.
remark #10372-D: (ULP 4.1) Detected uninitialized Port B in this project. Recommend initializing all unused ports to eliminate wasted current consumption on unused pins.
remark #10372-D: (ULP 4.1) Detected uninitialized Port C in this project. Recommend initializing all unused ports to eliminate wasted current consumption on unused pins.
remark #10372-D: (ULP 4.1) Detected uninitialized Port D in this project. Recommend initializing all unused ports to eliminate wasted current consumption on unused pins.
Finished building target: "Dual_LED_blink.out"
 

**** Build Finished ****

**** Build of configuration Debug for project ese101-blinky ****

"C:\\ti\\ccs1010\\ccs\\utils\\bin\\gmake" -k -j 4 all -O 
 
gmake[1]: 'ese101-blinky.out' is up to date.

**** Build Finished ****

**** Build of configuration Debug for project Blink_alternate_LED ****

"C:\\ti\\ccs1010\\ccs\\utils\\bin\\gmake" -k -j 4 all -O 
 
gmake[1]: 'Blink_alternate_LED.out' is up to date.

**** Build Finished ****

**** Build of configuration Debug for project Blink_alternate_LED ****

"C:\\ti\\ccs1010\\ccs\\utils\\bin\\gmake" -k -j 4 all -O 
 
Building file: "../main.c"
Invoking: MSP430 Compiler
"C:/ti/ccs1010/ccs/tools/compiler/ti-cgt-msp430_20.2.1.LTS/bin/cl430" -vmspx --data_model=restricted --use_hw_mpy=F5 --include_path="C:/ti/ccs1010/ccs/ccs_base/msp430/include" --include_path="C:/Users/GLEN/Documents/MSP430_workspace/Blink_alternate_LED" --include_path="C:/ti/ccs1010/ccs/tools/compiler/ti-cgt-msp430_20.2.1.LTS/include" --advice:power=all --define=__MSP430F5529__ -g --printf_support=minimal --diag_warning=225 --diag_wrap=off --display_error_number --silicon_errata=CPU21 --silicon_errata=CPU22 --silicon_errata=CPU23 --silicon_errata=CPU40 --preproc_with_compile --preproc_dependency="main.d_raw"  "../main.c"
"../main.c", line 25: warning #112-D: statement is unreachable
"../main.c", line 19: remark #1527-D: (ULP 2.1) Detected SW delay loop using empty loop. Recommend using a timer module instead
Finished building: "../main.c"
 
Building target: "Blink_alternate_LED.out"
Invoking: MSP430 Linker
"C:/ti/ccs1010/ccs/tools/compiler/ti-cgt-msp430_20.2.1.LTS/bin/cl430" -vmspx --data_model=restricted --use_hw_mpy=F5 --advice:power=all --define=__MSP430F5529__ -g --printf_support=minimal --diag_warning=225 --diag_wrap=off --display_error_number --silicon_errata=CPU21 --silicon_errata=CPU22 --silicon_errata=CPU23 --silicon_errata=CPU40 -z -m"Blink_alternate_LED.map" --heap_size=160 --stack_size=160 --cinit_hold_wdt=on -i"C:/ti/ccs1010/ccs/ccs_base/msp430/include" -i"C:/ti/ccs1010/ccs/ccs_base/msp430/lib/5xx_6xx_FRxx" -i"C:/ti/ccs1010/ccs/tools/compiler/ti-cgt-msp430_20.2.1.LTS/lib" -i"C:/ti/ccs1010/ccs/tools/compiler/ti-cgt-msp430_20.2.1.LTS/include" --reread_libs --diag_wrap=off --display_error_number --warn_sections --xml_link_info="Blink_alternate_LED_linkInfo.xml" --use_hw_mpy=F5 --rom_model -o "Blink_alternate_LED.out" "./main.obj" "../lnk_msp430f5529.cmd"  -llibmath.a -llibc.a 
<Linking>
remark #10371-D: (ULP 1.1) Detected no uses of low power mode state changing instructions
remark #10372-D: (ULP 4.1) Detected uninitialized Port A in this project. Recommend initializing all unused ports to eliminate wasted current consumption on unused pins.
remark #10372-D: (ULP 4.1) Detected uninitialized Port B in this project. Recommend initializing all unused ports to eliminate wasted current consumption on unused pins.
remark #10372-D: (ULP 4.1) Detected uninitialized Port C in this project. Recommend initializing all unused ports to eliminate wasted current consumption on unused pins.
remark #10372-D: (ULP 4.1) Detected uninitialized Port D in this project. Recommend initializing all unused ports to eliminate wasted current consumption on unused pins.
Finished building target: "Blink_alternate_LED.out"
 

**** Build Finished ****

**** Build of configuration Debug for project Dual_LED_blink ****

"C:\\ti\\ccs1010\\ccs\\utils\\bin\\gmake" -k -j 4 all -O 
 
gmake[1]: 'Dual_LED_blink.out' is up to date.

**** Build Finished ****

**** Build of configuration Debug for project ese101-blinky ****

"C:\\ti\\ccs1010\\ccs\\utils\\bin\\gmake" -k -j 4 all -O 
 
gmake[1]: 'ese101-blinky.out' is up to date.

**** Build Finished ****

**** Build of configuration Debug for project Blink_alternate_LED ****

"C:\\ti\\ccs1010\\ccs\\utils\\bin\\gmake" -k -j 4 all -O 
 
gmake[1]: 'Blink_alternate_LED.out' is up to date.

**** Build Finished ****

**** Build of configuration Debug for project Blink_alternate_LED ****

"C:\\ti\\ccs1010\\ccs\\utils\\bin\\gmake" -k -j 4 all -O 
 
Building file: "../main.c"
Invoking: MSP430 Compiler
"C:/ti/ccs1010/ccs/tools/compiler/ti-cgt-msp430_20.2.1.LTS/bin/cl430" -vmspx --data_model=restricted --use_hw_mpy=F5 --include_path="C:/ti/ccs1010/ccs/ccs_base/msp430/include" --include_path="C:/Users/GLEN/Documents/MSP430_workspace/Blink_alternate_LED" --include_path="C:/ti/ccs1010/ccs/tools/compiler/ti-cgt-msp430_20.2.1.LTS/include" --advice:power=all --define=__MSP430F5529__ -g --printf_support=minimal --diag_warning=225 --diag_wrap=off --display_error_number --silicon_errata=CPU21 --silicon_errata=CPU22 --silicon_errata=CPU23 --silicon_errata=CPU40 --preproc_with_compile --preproc_dependency="main.d_raw"  "../main.c"
"../main.c", line 25: warning #112-D: statement is unreachable
"../main.c", line 19: remark #1527-D: (ULP 2.1) Detected SW delay loop using empty loop. Recommend using a timer module instead
Finished building: "../main.c"
 
Building target: "Blink_alternate_LED.out"
Invoking: MSP430 Linker
"C:/ti/ccs1010/ccs/tools/compiler/ti-cgt-msp430_20.2.1.LTS/bin/cl430" -vmspx --data_model=restricted --use_hw_mpy=F5 --advice:power=all --define=__MSP430F5529__ -g --printf_support=minimal --diag_warning=225 --diag_wrap=off --display_error_number --silicon_errata=CPU21 --silicon_errata=CPU22 --silicon_errata=CPU23 --silicon_errata=CPU40 -z -m"Blink_alternate_LED.map" --heap_size=160 --stack_size=160 --cinit_hold_wdt=on -i"C:/ti/ccs1010/ccs/ccs_base/msp430/include" -i"C:/ti/ccs1010/ccs/ccs_base/msp430/lib/5xx_6xx_FRxx" -i"C:/ti/ccs1010/ccs/tools/compiler/ti-cgt-msp430_20.2.1.LTS/lib" -i"C:/ti/ccs1010/ccs/tools/compiler/ti-cgt-msp430_20.2.1.LTS/include" --reread_libs --diag_wrap=off --display_error_number --warn_sections --xml_link_info="Blink_alternate_LED_linkInfo.xml" --use_hw_mpy=F5 --rom_model -o "Blink_alternate_LED.out" "./main.obj" "../lnk_msp430f5529.cmd"  -llibmath.a -llibc.a 
<Linking>
remark #10371-D: (ULP 1.1) Detected no uses of low power mode state changing instructions
remark #10372-D: (ULP 4.1) Detected uninitialized Port A in this project. Recommend initializing all unused ports to eliminate wasted current consumption on unused pins.
remark #10372-D: (ULP 4.1) Detected uninitialized Port B in this project. Recommend initializing all unused ports to eliminate wasted current consumption on unused pins.
remark #10372-D: (ULP 4.1) Detected uninitialized Port C in this project. Recommend initializing all unused ports to eliminate wasted current consumption on unused pins.
remark #10372-D: (ULP 4.1) Detected uninitialized Port D in this project. Recommend initializing all unused ports to eliminate wasted current consumption on unused pins.
Finished building target: "Blink_alternate_LED.out"
 

**** Build Finished ****

**** Build of configuration Debug for project Dual_LED_blink ****

"C:\\ti\\ccs1010\\ccs\\utils\\bin\\gmake" -k -j 4 all -O 
 
gmake[1]: 'Dual_LED_blink.out' is up to date.

**** Build Finished ****

**** Build of configuration Debug for project ese101-blinky ****

"C:\\ti\\ccs1010\\ccs\\utils\\bin\\gmake" -k -j 4 all -O 
 
gmake[1]: 'ese101-blinky.out' is up to date.

**** Build Finished ****

**** Build of configuration Debug for project Blink_alternate_LED ****

"C:\\ti\\ccs1010\\ccs\\utils\\bin\\gmake" -k -j 4 all -O 
 
gmake[1]: 'Blink_alternate_LED.out' is up to date.

**** Build Finished ****

**** Build of configuration Debug for project Blink_alternate_LED ****

"C:\\ti\\ccs1010\\ccs\\utils\\bin\\gmake" -k -j 4 all -O 
 
gmake[1]: 'Blink_alternate_LED.out' is up to date.

**** Build Finished ****

**** Build of configuration Debug for project Blink_alternate_LED ****

"C:\\ti\\ccs1010\\ccs\\utils\\bin\\gmake" -k -j 4 all -O 
 
Building file: "../main.c"
Invoking: MSP430 Compiler
"C:/ti/ccs1010/ccs/tools/compiler/ti-cgt-msp430_20.2.1.LTS/bin/cl430" -vmspx --data_model=restricted --use_hw_mpy=F5 --include_path="C:/ti/ccs1010/ccs/ccs_base/msp430/include" --include_path="C:/Users/GLEN/Documents/MSP430_workspace/Blink_alternate_LED" --include_path="C:/ti/ccs1010/ccs/tools/compiler/ti-cgt-msp430_20.2.1.LTS/include" --advice:power=all --define=__MSP430F5529__ -g --printf_support=minimal --diag_warning=225 --diag_wrap=off --display_error_number --silicon_errata=CPU21 --silicon_errata=CPU22 --silicon_errata=CPU23 --silicon_errata=CPU40 --preproc_with_compile --preproc_dependency="main.d_raw"  "../main.c"
"../main.c", line 26: warning #112-D: statement is unreachable
"../main.c", line 19: remark #1527-D: (ULP 2.1) Detected SW delay loop using empty loop. Recommend using a timer module instead
"../main.c", line 22: remark #1527-D: (ULP 2.1) Detected SW delay loop using empty loop. Recommend using a timer module instead
Finished building: "../main.c"
 
Building target: "Blink_alternate_LED.out"
Invoking: MSP430 Linker
"C:/ti/ccs1010/ccs/tools/compiler/ti-cgt-msp430_20.2.1.LTS/bin/cl430" -vmspx --data_model=restricted --use_hw_mpy=F5 --advice:power=all --define=__MSP430F5529__ -g --printf_support=minimal --diag_warning=225 --diag_wrap=off --display_error_number --silicon_errata=CPU21 --silicon_errata=CPU22 --silicon_errata=CPU23 --silicon_errata=CPU40 -z -m"Blink_alternate_LED.map" --heap_size=160 --stack_size=160 --cinit_hold_wdt=on -i"C:/ti/ccs1010/ccs/ccs_base/msp430/include" -i"C:/ti/ccs1010/ccs/ccs_base/msp430/lib/5xx_6xx_FRxx" -i"C:/ti/ccs1010/ccs/tools/compiler/ti-cgt-msp430_20.2.1.LTS/lib" -i"C:/ti/ccs1010/ccs/tools/compiler/ti-cgt-msp430_20.2.1.LTS/include" --reread_libs --diag_wrap=off --display_error_number --warn_sections --xml_link_info="Blink_alternate_LED_linkInfo.xml" --use_hw_mpy=F5 --rom_model -o "Blink_alternate_LED.out" "./main.obj" "../lnk_msp430f5529.cmd"  -llibmath.a -llibc.a 
<Linking>
remark #10371-D: (ULP 1.1) Detected no uses of low power mode state changing instructions
remark #10372-D: (ULP 4.1) Detected uninitialized Port A in this project. Recommend initializing all unused ports to eliminate wasted current consumption on unused pins.
remark #10372-D: (ULP 4.1) Detected uninitialized Port B in this project. Recommend initializing all unused ports to eliminate wasted current consumption on unused pins.
remark #10372-D: (ULP 4.1) Detected uninitialized Port C in this project. Recommend initializing all unused ports to eliminate wasted current consumption on unused pins.
remark #10372-D: (ULP 4.1) Detected uninitialized Port D in this project. Recommend initializing all unused ports to eliminate wasted current consumption on unused pins.
Finished building target: "Blink_alternate_LED.out"
 

**** Build Finished ****

**** Build of configuration Debug for project Dual_LED_blink ****

"C:\\ti\\ccs1010\\ccs\\utils\\bin\\gmake" -k -j 4 all -O 
 
gmake[1]: 'Dual_LED_blink.out' is up to date.

**** Build Finished ****

**** Build of configuration Debug for project ese101-blinky ****

"C:\\ti\\ccs1010\\ccs\\utils\\bin\\gmake" -k -j 4 all -O 
 
gmake[1]: 'ese101-blinky.out' is up to date.

**** Build Finished ****
